USAGE: ./rodaTodos.sh <A|B>
/var/spool/slurmd/job13643/slurm_script rodando no host  wz17
SLURM_JOB_NAME:  roda-todos-slurm.sh
SLURM_NODELIST:  wz17
SLURM_JOB_NODELIST:  wz17
SLURM_JOB_CPUS_PER_NODE:  8
nt  10
MAX_EXECS  1
Executando 10 vezes com B elementos e 1 threads:
nao executado
nao executado
nao executado
nao executado
nao executado
nao executado
nao executado
nao executado
nao executado
Executando 10 vezes com B elementos e 2 threads:
nao executado
nao executado
nao executado
nao executado
nao executado
nao executado
nao executado
nao executado
nao executado
Executando 10 vezes com B elementos e 3 threads:
nao executado
nao executado
nao executado
nao executado
nao executado
nao executado
nao executado
nao executado
nao executado
Executando 10 vezes com B elementos e 4 threads:
nao executado
nao executado
nao executado
nao executado
nao executado
nao executado
nao executado
nao executado
nao executado
Executando 10 vezes com B elementos e 5 threads:
nao executado
nao executado
nao executado
nao executado
nao executado
nao executado
nao executado
nao executado
nao executado
Executando 10 vezes com B elementos e 6 threads:
nao executado
nao executado
nao executado
nao executado
nao executado
nao executado
nao executado
nao executado
nao executado
Executando 10 vezes com B elementos e 7 threads:
nao executado
nao executado
nao executado
nao executado
nao executado
nao executado
nao executado
nao executado
nao executado
Executando 10 vezes com B elementos e 8 threads:
nao executado
nao executado
nao executado
nao executado
nao executado
nao executado
nao executado
nao executado
nao executado
O tempo total dessa shell foi de 158 segundos
SLURM_JOB_NAME:  roda-todos-slurm.sh
SLURM_NODELIST:  wz17
SLURM_JOB_NODELIST:  wz17
SLURM_JOB_CPUS_PER_NODE:  8
             JOBID PARTITION     NAME     USER ST       TIME  NODES NODELIST(REASON)
             13643     debug roda-tod   nobody  R       2:38      1 wz17
