USAGE: ./rodaTodos.sh <A|B>
/var/spool/slurmd/job13656/slurm_script rodando no host  wz16
SLURM_JOB_NAME:  roda-todos-slurm.sh
SLURM_NODELIST:  wz16
SLURM_JOB_NODELIST:  wz16
SLURM_JOB_CPUS_PER_NODE:  8
nt  10
MAX_EXECS  1
Executando 10 vezes com A elementos e 1 threads:
28.025457
nao executado
nao executado
nao executado
nao executado
nao executado
nao executado
nao executado
nao executado
nao executado
Executando 10 vezes com A elementos e 2 threads:
18.597305
nao executado
nao executado
nao executado
nao executado
nao executado
nao executado
nao executado
nao executado
nao executado
Executando 10 vezes com A elementos e 3 threads:
13.090756
nao executado
nao executado
nao executado
nao executado
nao executado
nao executado
nao executado
nao executado
nao executado
Executando 10 vezes com A elementos e 4 threads:
10.009725
nao executado
nao executado
nao executado
nao executado
nao executado
nao executado
nao executado
nao executado
nao executado
Executando 10 vezes com A elementos e 5 threads:
8.245343
nao executado
nao executado
nao executado
nao executado
nao executado
nao executado
nao executado
nao executado
nao executado
Executando 10 vezes com A elementos e 6 threads:
7.040059
nao executado
nao executado
nao executado
nao executado
nao executado
nao executado
nao executado
nao executado
nao executado
Executando 10 vezes com A elementos e 7 threads:
6.009423
nao executado
nao executado
nao executado
nao executado
nao executado
nao executado
nao executado
nao executado
nao executado
Executando 10 vezes com A elementos e 8 threads:
5.412871
nao executado
nao executado
nao executado
nao executado
nao executado
nao executado
nao executado
nao executado
nao executado
O tempo total dessa shell foi de 101 segundos
SLURM_JOB_NAME:  roda-todos-slurm.sh
SLURM_NODELIST:  wz16
SLURM_JOB_NODELIST:  wz16
SLURM_JOB_CPUS_PER_NODE:  8
             JOBID PARTITION     NAME     USER ST       TIME  NODES NODELIST(REASON)
             13656     debug roda-tod   nobody  R       1:41      1 wz16
