USAGE: ./rodaTodos.sh <A|B>
/var/spool/slurmd/job13654/slurm_script rodando no host  wz12
SLURM_JOB_NAME:  roda-todos-slurm.sh
SLURM_NODELIST:  wz12
SLURM_JOB_NODELIST:  wz12
SLURM_JOB_CPUS_PER_NODE:  8
nt  10
MAX_EXECS  1
Executando 10 vezes com A elementos e 1 threads:
28.999322
nao executado
nao executado
nao executado
nao executado
nao executado
nao executado
nao executado
nao executado
nao executado
Executando 10 vezes com A elementos e 2 threads:
17.625308
nao executado
nao executado
nao executado
nao executado
nao executado
nao executado
nao executado
nao executado
nao executado
Executando 10 vezes com A elementos e 3 threads:
13.167366
nao executado
nao executado
nao executado
nao executado
nao executado
nao executado
nao executado
nao executado
nao executado
Executando 10 vezes com A elementos e 4 threads:
10.005118
nao executado
nao executado
nao executado
nao executado
nao executado
nao executado
nao executado
nao executado
nao executado
Executando 10 vezes com A elementos e 5 threads:
8.210902
nao executado
nao executado
nao executado
nao executado
nao executado
nao executado
nao executado
nao executado
nao executado
Executando 10 vezes com A elementos e 6 threads:
6.856633
nao executado
nao executado
nao executado
nao executado
nao executado
nao executado
nao executado
nao executado
nao executado
Executando 10 vezes com A elementos e 7 threads:
6.031748
nao executado
nao executado
nao executado
nao executado
nao executado
nao executado
nao executado
nao executado
nao executado
Executando 10 vezes com A elementos e 8 threads:
5.331820
nao executado
nao executado
nao executado
nao executado
nao executado
nao executado
nao executado
nao executado
nao executado
O tempo total dessa shell foi de 100 segundos
SLURM_JOB_NAME:  roda-todos-slurm.sh
SLURM_NODELIST:  wz12
SLURM_JOB_NODELIST:  wz12
SLURM_JOB_CPUS_PER_NODE:  8
             JOBID PARTITION     NAME     USER ST       TIME  NODES NODELIST(REASON)
             13654     debug roda-tod   nobody  R       1:40      1 wz12
