-----------------------------------
-----------------------------------
-----------------------------------
---------- ATENCAO: usar --exclusive na linha de comando
-----------------------------------
/var/spool/slurmd/job14581/slurm_script rodando no host  wz11
SLURM_JOB_NAME:  multi-partition-mpi
SLURM_NODELIST:  wz11
SLURM_JOB_NODELIST:  wz11
SLURM_JOB_CPUS_PER_NODE:  8

multi_partition_mpi_time deltaT(ns): 1366771780 ns for 1 ops 
        ==> each op takes 1366771780 ns

multi_partition_mpi_time deltaT(ns): 1372203686 ns for 1 ops 
        ==> each op takes 1372203686 ns

multi_partition_mpi_time deltaT(ns): 1374775102 ns for 1 ops 
        ==> each op takes 1374775102 ns


multi_partition_mpi_time deltaT(ns): 1375007255 ns for 1 ops 
multi_partition_mpi_time deltaT(ns): 1374365902 ns for 1 ops 
        ==> each op takes 1374365902 ns
        ==> each op takes 1375007255 ns

multi_partition_mpi_time deltaT(ns): 1377576646 ns for 1 ops 
        ==> each op takes 1377576646 ns

multi_partition_mpi_time deltaT(ns): 1316699282 ns for 1 ops 
        ==> each op takes 1316699282 ns

multi_partition_mpi_time deltaT(ns): 1377378506 ns for 1 ops 
        ==> each op takes 1377378506 ns
Particionamento sem erros
total_time_in_seconds: 1.366772 s
nTotalElements = 8000000
Throughput: 58532083.534824 OP/s
Particionamento sem erros
total_time_in_seconds: 1.374775 s
nTotalElements = 8000000
Throughput: 58191336.083711 OP/s
Particionamento sem erros
total_time_in_seconds: 1.372204 s
nTotalElements = 8000000
Throughput: 58300382.673655 OP/s
Particionamento sem erros
total_time_in_seconds: 1.374366 s
nTotalElements = 8000000
Throughput: 58208661.815302 OP/s
Particionamento sem erros
total_time_in_seconds: 1.375007 s
nTotalElements = 8000000
Throughput: 58181511.195008 OP/s
Particionamento sem erros
total_time_in_seconds: 1.377577 s
nTotalElements = 8000000
Throughput: 58072993.783897 OP/s
Particionamento sem erros
total_time_in_seconds: 1.377379 s
nTotalElements = 8000000
Throughput: 58081347.756998 OP/s
Particionamento sem erros
total_time_in_seconds: 1.316699 s
nTotalElements = 8000000
Throughput: 60757988.626290 OP/s
O tempo total dessa shell foi de 2 segundos
SLURM_JOB_NAME:  multi-partition-mpi
SLURM_NODELIST:  wz11
SLURM_JOB_NODELIST:  wz11
SLURM_JOB_CPUS_PER_NODE:  8
             JOBID PARTITION     NAME     USER ST       TIME  NODES NODELIST(REASON)
             14581     debug multi-pa   nobody  R       0:03      1 wz11
