-----------------------------------
-----------------------------------
-----------------------------------
---------- ATENCAO: usar --exclusive na linha de comando
-----------------------------------
/var/spool/slurmd/job14582/slurm_script rodando no host  wz11
SLURM_JOB_NAME:  multi-parittion-mpi
SLURM_NODELIST:  wz[11-12]
SLURM_JOB_NODELIST:  wz[11-12]
SLURM_JOB_CPUS_PER_NODE:  8(x2)

multi_partition_mpi_time deltaT(ns): 2539167725 ns for 1 ops 

multi_partition_mpi_time deltaT(ns): 2541422202 ns for 1 ops 
        ==> each op takes 2541422202 ns

multi_partition_mpi_time deltaT(ns): 2541451047 ns for 1 ops 
        ==> each op takes 2541451047 ns
        ==> each op takes 2539167725 ns

multi_partition_mpi_time deltaT(ns): 2544918247 ns for 1 ops 

multi_partition_mpi_time deltaT(ns): 2539274024 ns for 1 ops 
        ==> each op takes 2539274024 ns
        ==> each op takes 2544918247 ns


multi_partition_mpi_time deltaT(ns): 2545272622 ns for 1 ops 
        ==> each op takes 2545272622 ns
multi_partition_mpi_time deltaT(ns): 2545277860 ns for 1 ops 
        ==> each op takes 2545277860 ns

multi_partition_mpi_time deltaT(ns): 2544053333 ns for 1 ops 
        ==> each op takes 2544053333 ns

multi_partition_mpi_time deltaT(ns): 2551274084 ns for 1 ops 
        ==> each op takes 2551274084 ns


multi_partition_mpi_time deltaT(ns): 2552416407 ns for 1 ops 
        ==> each op takes 2552416407 ns
multi_partition_mpi_time deltaT(ns): 2549612419 ns for 1 ops 
        ==> each op takes 2549612419 ns

multi_partition_mpi_time deltaT(ns): 2534361737 ns for 1 ops 
        ==> each op takes 2534361737 ns

multi_partition_mpi_time deltaT(ns): 2551277785 ns for 1 ops 
        ==> each op takes 2551277785 ns

multi_partition_mpi_time deltaT(ns): 2561086853 ns for 1 ops 
        ==> each op takes 2561086853 ns

multi_partition_mpi_time deltaT(ns): 2562094104 ns for 1 ops 
        ==> each op takes 2562094104 ns

multi_partition_mpi_time deltaT(ns): 2561430821 ns for 1 ops 
        ==> each op takes 2561430821 ns
Particionamento sem erros
total_time_in_seconds: 2.539168 s
nTotalElements = 8000000
Throughput: 31506386.605477 OP/s
Particionamento sem erros
total_time_in_seconds: 2.541422 s
nTotalElements = 8000000
Throughput: 31478437.520945 OP/s
Particionamento sem erros
total_time_in_seconds: 2.541451 s
nTotalElements = 8000000
Throughput: 31478080.246493 OP/s
Particionamento sem erros
total_time_in_seconds: 2.544918 s
nTotalElements = 8000000
Throughput: 31435194.468155 OP/s
Particionamento sem erros
total_time_in_seconds: 2.545273 s
nTotalElements = 8000000
Throughput: 31430817.786874 OP/s
Particionamento sem erros
total_time_in_seconds: 2.545278 s
nTotalElements = 8000000
Throughput: 31430753.104496 OP/s
Particionamento sem erros
total_time_in_seconds: 2.544053 s
nTotalElements = 8000000
Throughput: 31445881.641822 OP/s
Particionamento sem erros
total_time_in_seconds: 2.539274 s
nTotalElements = 8000000
Throughput: 31505067.686228 OP/s
Particionamento sem erros
total_time_in_seconds: 2.552416 s
nTotalElements = 8000000
Throughput: 31342848.204784 OP/s
Particionamento sem erros
total_time_in_seconds: 2.549612 s
nTotalElements = 8000000
Throughput: 31377318.138173 OP/s
Particionamento sem erros
total_time_in_seconds: 2.551274 s
nTotalElements = 8000000
Throughput: 31356881.842570 OP/s
Particionamento sem erros
total_time_in_seconds: 2.551278 s
nTotalElements = 8000000
Throughput: 31356836.354846 OP/s
Particionamento sem erros
total_time_in_seconds: 2.534362 s
nTotalElements = 8000000
Throughput: 31566133.134056 OP/s
Particionamento sem erros
total_time_in_seconds: 2.561087 s
nTotalElements = 8000000
Throughput: 31236738.381711 OP/s
Particionamento sem erros
total_time_in_seconds: 2.562094 s
nTotalElements = 8000000
Throughput: 31224458.100544 OP/s
Particionamento sem erros
total_time_in_seconds: 2.561431 s
nTotalElements = 8000000
Throughput: 31232543.679929 OP/s
O tempo total dessa shell foi de 3 segundos
SLURM_JOB_NAME:  multi-parittion-mpi
SLURM_NODELIST:  wz[11-12]
SLURM_JOB_NODELIST:  wz[11-12]
SLURM_JOB_CPUS_PER_NODE:  8(x2)
             JOBID PARTITION     NAME     USER ST       TIME  NODES NODELIST(REASON)
             14582     debug multi-pa   nobody  R       0:03      2 wz[11-12]
