-----------------------------------
-----------------------------------
-----------------------------------
---------- ATENCAO: usar --exclusive na linha de comando
-----------------------------------
/var/spool/slurmd/job14583/slurm_script rodando no host  wz11
SLURM_JOB_NAME:  multi-parittion-mpi
SLURM_NODELIST:  wz[11-12,15-16]
SLURM_JOB_NODELIST:  wz[11-12,15-16]
SLURM_JOB_CPUS_PER_NODE:  8(x4)


multi_partition_mpi_time deltaT(ns): 1937940363 ns for 1 ops 
        ==> each op takes 1937940363 ns

multi_partition_mpi_time deltaT(ns): 1938090242 ns for 1 ops 
        ==> each op takes 1938090242 ns
multi_partition_mpi_time deltaT(ns): 1938122089 ns for 1 ops 
        ==> each op takes 1938122089 ns

multi_partition_mpi_time deltaT(ns): 1935524832 ns for 1 ops 
        ==> each op takes 1935524832 ns


multi_partition_mpi_time deltaT(ns): 1938743538 ns for 1 ops 
        ==> each op takes 1938743538 ns
multi_partition_mpi_time deltaT(ns): 1938813448 ns for 1 ops 
        ==> each op takes 1938813448 ns

multi_partition_mpi_time deltaT(ns): 1939730926 ns for 1 ops 
        ==> each op takes 1939730926 ns

multi_partition_mpi_time deltaT(ns): 1949699802 ns for 1 ops 
        ==> each op takes 1949699802 ns

multi_partition_mpi_time deltaT(ns): 1951810101 ns for 1 ops 

multi_partition_mpi_time deltaT(ns): 1952006288 ns for 1 ops 
        ==> each op takes 1952006288 ns

        ==> each op takes 1951810101 ns

multi_partition_mpi_time deltaT(ns): 1952485089 ns for 1 ops 
        ==> each op takes 1952485089 ns

multi_partition_mpi_time deltaT(ns): 1952309438 ns for 1 ops 
        ==> each op takes 1952309438 ns
multi_partition_mpi_time deltaT(ns): 1950101636 ns for 1 ops 
        ==> each op takes 1950101636 ns

multi_partition_mpi_time deltaT(ns): 1932315943 ns for 1 ops 
        ==> each op takes 1932315943 ns

multi_partition_mpi_time deltaT(ns): 1933191015 ns for 1 ops 
        ==> each op takes 1933191015 ns

multi_partition_mpi_time deltaT(ns): 1942966420 ns for 1 ops 
        ==> each op takes 1942966420 ns

multi_partition_mpi_time deltaT(ns): 1953823946 ns for 1 ops 
        ==> each op takes 1953823946 ns

multi_partition_mpi_time deltaT(ns): 1953787908 ns for 1 ops 
        ==> each op takes 1953787908 ns

multi_partition_mpi_time deltaT(ns): 1953595775 ns for 1 ops 
        ==> each op takes 1953595775 ns

multi_partition_mpi_time deltaT(ns): 1943940979 ns for 1 ops 

multi_partition_mpi_time deltaT(ns): 1943988279 ns for 1 ops 
        ==> each op takes 1943988279 ns
        ==> each op takes 1943940979 ns

multi_partition_mpi_time deltaT(ns): 1954275225 ns for 1 ops 
        ==> each op takes 1954275225 ns

multi_partition_mpi_time deltaT(ns): 1954003968 ns for 1 ops 
        ==> each op takes 1954003968 ns


multi_partition_mpi_time deltaT(ns): 1944387990 ns for 1 ops 
multi_partition_mpi_time deltaT(ns): 1953991790 ns for 1 ops 
        ==> each op takes 1944387990 ns
        ==> each op takes 1953991790 ns

multi_partition_mpi_time deltaT(ns): 1955779572 ns for 1 ops 
        ==> each op takes 1955779572 ns

multi_partition_mpi_time deltaT(ns): 1955829020 ns for 1 ops 
        ==> each op takes 1955829020 ns


multi_partition_mpi_time deltaT(ns): 1945696461 ns for 1 ops 
        ==> each op takes 1945696461 ns
multi_partition_mpi_time deltaT(ns): 1945678302 ns for 1 ops 
        ==> each op takes 1945678302 ns

multi_partition_mpi_time deltaT(ns): 1947337926 ns for 1 ops 
        ==> each op takes 1947337926 ns

multi_partition_mpi_time deltaT(ns): 1947066122 ns for 1 ops 
        ==> each op takes 1947066122 ns

multi_partition_mpi_time deltaT(ns): 1948538765 ns for 1 ops 
        ==> each op takes 1948538765 ns
Particionamento sem erros
total_time_in_seconds: 1.938090 s
nTotalElements = 8000000
Throughput: 41277747.684981 OP/s
Particionamento sem erros
total_time_in_seconds: 1.938744 s
nTotalElements = 8000000
Throughput: 41263838.373655 OP/s
Particionamento sem erros
total_time_in_seconds: 1.937940 s
nTotalElements = 8000000
Particionamento sem erros
total_time_in_seconds: 1.935525 s
nTotalElements = 8000000
Throughput: 41332458.606245 OP/s
Particionamento sem erros
total_time_in_seconds: 1.938813 s
nTotalElements = 8000000
Throughput: 41262350.476537 OP/s
Throughput: 41280940.078134 OP/s
Particionamento sem erros
total_time_in_seconds: 1.949700 s
nTotalElements = 8000000
Throughput: 41031957.800855 OP/s
Particionamento sem erros
total_time_in_seconds: 1.939731 s
nTotalElements = 8000000
Throughput: 41242833.698059 OP/s
Particionamento sem erros
total_time_in_seconds: 1.938122 s
nTotalElements = 8000000
Throughput: 41277069.413763 OP/s
Particionamento sem erros
total_time_in_seconds: 1.932316 s
nTotalElements = 8000000
Throughput: 41401097.108269 OP/s
Particionamento sem erros
total_time_in_seconds: 1.952006 s
nTotalElements = 8000000
Throughput: 40983474.536840 OP/s
Particionamento sem erros
total_time_in_seconds: 1.951810 s
nTotalElements = 8000000
Throughput: 40987594.007743 OP/s
Particionamento sem erros
total_time_in_seconds: 1.952485 s
nTotalElements = 8000000
Throughput: 40973424.304599 OP/s
Particionamento sem erros
total_time_in_seconds: 1.952309 s
nTotalElements = 8000000
Throughput: 40977110.719679 OP/s
Particionamento sem erros
total_time_in_seconds: 1.950102 s
nTotalElements = 8000000
Throughput: 41023502.838598 OP/s
Particionamento sem erros
total_time_in_seconds: 1.942966 s
nTotalElements = 8000000
Throughput: 41174154.723683 OP/s
Particionamento sem erros
total_time_in_seconds: 1.953824 s
nTotalElements = 8000000
Throughput: 40945347.283608 OP/s
Particionamento sem erros
total_time_in_seconds: 1.953788 s
nTotalElements = 8000000
Throughput: 40946102.528545 OP/s
Particionamento sem erros
total_time_in_seconds: 1.933191 s
nTotalElements = 8000000
Particionamento sem erros
total_time_in_seconds: 1.943941 s
nTotalElements = 8000000
Throughput: 41382356.621392 OP/s
Throughput: 41153512.819691 OP/s
Particionamento sem erros
total_time_in_seconds: 1.954275 s
nTotalElements = 8000000
Particionamento sem erros
total_time_in_seconds: 1.954004 s
nTotalElements = 8000000
Throughput: 40935892.230840 OP/s
Throughput: 40941574.996843 OP/s
Particionamento sem erros
total_time_in_seconds: 1.944388 s
nTotalElements = 8000000
Throughput: 41144051.707499 OP/s
Particionamento sem erros
total_time_in_seconds: 1.953992 s
nTotalElements = 8000000
Throughput: 40941830.159890 OP/s
Particionamento sem erros
total_time_in_seconds: 1.953596 s
nTotalElements = 8000000
Throughput: 40950129.511823 OP/s
Particionamento sem erros
total_time_in_seconds: 1.943988 s
nTotalElements = 8000000
Throughput: 41152511.496187 OP/s
Particionamento sem erros
Particionamento sem erros
total_time_in_seconds: 1.945678 s
total_time_in_seconds: 1.945696 s
nTotalElements = 8000000
Throughput: 41116382.541439 OP/s
nTotalElements = 8000000
Throughput: 41116766.280308 OP/s
Particionamento sem erros
total_time_in_seconds: 1.955780 s
nTotalElements = 8000000
Throughput: 40904405.151441 OP/s
Particionamento sem erros
total_time_in_seconds: 1.947066 s
nTotalElements = 8000000
Throughput: 41087459.278386 OP/s
Particionamento sem erros
total_time_in_seconds: 1.947338 s
nTotalElements = 8000000
Throughput: 41081724.405341 OP/s
Particionamento sem erros
total_time_in_seconds: 1.955829 s
nTotalElements = 8000000
Throughput: 40903370.990988 OP/s
Particionamento sem erros
total_time_in_seconds: 1.948539 s
nTotalElements = 8000000
Throughput: 41056406.696636 OP/s
O tempo total dessa shell foi de 2 segundos
SLURM_JOB_NAME:  multi-parittion-mpi
SLURM_NODELIST:  wz[11-12,15-16]
SLURM_JOB_NODELIST:  wz[11-12,15-16]
SLURM_JOB_CPUS_PER_NODE:  8(x4)
             JOBID PARTITION     NAME     USER ST       TIME  NODES NODELIST(REASON)
             14583     debug multi-pa   nobody  R       0:02      4 wz[11-12,15-16]
